<?xml version="1.0" encoding="UTF-8"?>
<!-- Generated by org.testng.reporters.JUnitReportReporter -->
<testsuite hostname="DESKTOP-M9PMCBQ" failures="0" tests="1" name="Assertion.HardAssert" time="67.548" errors="0" timestamp="2024-11-21T16:35:36 IST" skipped="0">
  <testcase classname="Assertion.HardAssert" name="main" time="67.548">
    <system-out>
      <![CDATA[i am in dws page]]>
    </system-out>
  </testcase> <!-- main -->
  <system-out>
    <![CDATA[i am in dws page]]>
  </system-out>
</testsuite> <!-- Assertion.HardAssert -->
